<?xml version="1.0" encoding="UTF-8"?>
<testsuite xmlns:xsi="http://www.w3.org/2001/XMLSchema-instance" xsi:noNamespaceSchemaLocation="https://maven.apache.org/surefire/maven-surefire-plugin/xsd/surefire-test-report-3.0.xsd" version="3.0" name="es.upm.pproject.miniproject.UniversityManagerTest" time="0.354" tests="34" errors="0" skipped="0" failures="0">
  <properties>
    <property name="java.specification.version" value="21"/>
    <property name="sun.cpu.isalist" value="amd64"/>
    <property name="sun.jnu.encoding" value="Cp1252"/>
    <property name="java.class.path" value="c:\Users\marco\OneDrive\Documentos\UPM\PProject\university\target\test-classes;c:\Users\marco\OneDrive\Documentos\UPM\PProject\university\target\classes;C:\Users\marco\.m2\repository\org\junit\jupiter\junit-jupiter-api\5.6.0\junit-jupiter-api-5.6.0.jar;C:\Users\marco\.m2\repository\org\apiguardian\apiguardian-api\1.1.0\apiguardian-api-1.1.0.jar;C:\Users\marco\.m2\repository\org\opentest4j\opentest4j\1.2.0\opentest4j-1.2.0.jar;C:\Users\marco\.m2\repository\org\junit\platform\junit-platform-commons\1.6.0\junit-platform-commons-1.6.0.jar;C:\Users\marco\.m2\repository\org\junit\jupiter\junit-jupiter-engine\5.6.0\junit-jupiter-engine-5.6.0.jar;C:\Users\marco\.m2\repository\org\junit\platform\junit-platform-engine\1.6.0\junit-platform-engine-1.6.0.jar;C:\Users\marco\.m2\repository\org\slf4j\slf4j-api\1.7.30\slf4j-api-1.7.30.jar;C:\Users\marco\.m2\repository\ch\qos\logback\logback-classic\1.2.3\logback-classic-1.2.3.jar;C:\Users\marco\.m2\repository\ch\qos\logback\logback-core\1.2.3\logback-core-1.2.3.jar;"/>
    <property name="java.vm.vendor" value="Eclipse Adoptium"/>
    <property name="sun.arch.data.model" value="64"/>
    <property name="user.variant" value=""/>
    <property name="java.vendor.url" value="https://adoptium.net/"/>
    <property name="user.timezone" value="Europe/Madrid"/>
    <property name="os.name" value="Windows 10"/>
    <property name="java.vm.specification.version" value="21"/>
    <property name="sun.java.launcher" value="SUN_STANDARD"/>
    <property name="user.country" value="ES"/>
    <property name="sun.boot.library.path" value="C:\Users\marco\AppData\Local\Programs\Eclipse Adoptium\jdk-21.0.6.7-hotspot\bin"/>
    <property name="sun.java.command" value="C:\Users\marco\AppData\Local\Temp\surefire14898733298916651502\surefirebooter18323171379400706787.jar C:\Users\marco\AppData\Local\Temp\surefire14898733298916651502 2025-03-12T17-41-59_547-jvmRun1 surefire7519788772978423458tmp surefire_05123513421868408190tmp"/>
    <property name="jdk.debug" value="release"/>
    <property name="surefire.test.class.path" value="c:\Users\marco\OneDrive\Documentos\UPM\PProject\university\target\test-classes;c:\Users\marco\OneDrive\Documentos\UPM\PProject\university\target\classes;C:\Users\marco\.m2\repository\org\junit\jupiter\junit-jupiter-api\5.6.0\junit-jupiter-api-5.6.0.jar;C:\Users\marco\.m2\repository\org\apiguardian\apiguardian-api\1.1.0\apiguardian-api-1.1.0.jar;C:\Users\marco\.m2\repository\org\opentest4j\opentest4j\1.2.0\opentest4j-1.2.0.jar;C:\Users\marco\.m2\repository\org\junit\platform\junit-platform-commons\1.6.0\junit-platform-commons-1.6.0.jar;C:\Users\marco\.m2\repository\org\junit\jupiter\junit-jupiter-engine\5.6.0\junit-jupiter-engine-5.6.0.jar;C:\Users\marco\.m2\repository\org\junit\platform\junit-platform-engine\1.6.0\junit-platform-engine-1.6.0.jar;C:\Users\marco\.m2\repository\org\slf4j\slf4j-api\1.7.30\slf4j-api-1.7.30.jar;C:\Users\marco\.m2\repository\ch\qos\logback\logback-classic\1.2.3\logback-classic-1.2.3.jar;C:\Users\marco\.m2\repository\ch\qos\logback\logback-core\1.2.3\logback-core-1.2.3.jar;"/>
    <property name="sun.cpu.endian" value="little"/>
    <property name="user.home" value="C:\Users\marco"/>
    <property name="user.language" value="es"/>
    <property name="java.specification.vendor" value="Oracle Corporation"/>
    <property name="java.version.date" value="2025-01-21"/>
    <property name="java.home" value="C:\Users\marco\AppData\Local\Programs\Eclipse Adoptium\jdk-21.0.6.7-hotspot"/>
    <property name="file.separator" value="\"/>
    <property name="basedir" value="c:\Users\marco\OneDrive\Documentos\UPM\PProject\university"/>
    <property name="java.vm.compressedOopsMode" value="Zero based"/>
    <property name="line.separator" value="&#10;"/>
    <property name="java.vm.specification.vendor" value="Oracle Corporation"/>
    <property name="java.specification.name" value="Java Platform API Specification"/>
    <property name="surefire.real.class.path" value="C:\Users\marco\AppData\Local\Temp\surefire14898733298916651502\surefirebooter18323171379400706787.jar"/>
    <property name="user.script" value=""/>
    <property name="sun.management.compiler" value="HotSpot 64-Bit Tiered Compilers"/>
    <property name="java.runtime.version" value="21.0.6+7-LTS"/>
    <property name="user.name" value="marco"/>
    <property name="stdout.encoding" value="Cp1252"/>
    <property name="sonar" value="true"/>
    <property name="path.separator" value=";"/>
    <property name="os.version" value="10.0"/>
    <property name="java.runtime.name" value="OpenJDK Runtime Environment"/>
    <property name="file.encoding" value="UTF-8"/>
    <property name="java.vm.name" value="OpenJDK 64-Bit Server VM"/>
    <property name="java.vendor.version" value="Temurin-21.0.6+7"/>
    <property name="localRepository" value="C:\Users\marco\.m2\repository"/>
    <property name="java.vendor.url.bug" value="https://github.com/adoptium/adoptium-support/issues"/>
    <property name="java.io.tmpdir" value="C:\Users\marco\AppData\Local\Temp\"/>
    <property name="java.version" value="21.0.6"/>
    <property name="user.dir" value="c:\Users\marco\OneDrive\Documentos\UPM\PProject\university"/>
    <property name="os.arch" value="amd64"/>
    <property name="java.vm.specification.name" value="Java Virtual Machine Specification"/>
    <property name="sun.os.patch.level" value=""/>
    <property name="native.encoding" value="Cp1252"/>
    <property name="java.library.path" value="C:\Users\marco\AppData\Local\Programs\Eclipse Adoptium\jdk-21.0.6.7-hotspot\bin;C:\WINDOWS\Sun\Java\bin;C:\WINDOWS\system32;C:\WINDOWS;C:\Program Files (x86)\VMware\VMware Player\bin\;C:\Program Files (x86)\Common Files\Oracle\Java\javapath;C:\Windows\system32;C:\Windows;C:\Windows\System32\Wbem;C:\Windows\System32\WindowsPowerShell\v1.0\;C:\Windows\System32\OpenSSH\;C:\Program Files\NVIDIA Corporation\NVIDIA NvDLISR;C:\WINDOWS\system32;C:\WINDOWS;C:\WINDOWS\System32\Wbem;C:\WINDOWS\System32\WindowsPowerShell\v1.0\;C:\WINDOWS\System32\OpenSSH\;C:\Program Files\AutoFirma\AutoFirma;C:\Program Files\MATLAB\R2023a\bin;C:\Program Files\Calibre2\;C:\Program Files\Git\cmd;C:\Users\marco\AppData\Local\Programs\Eclipse Adoptium\jdk-21.0.6.7-hotspot\bin;C:\Program Files\MySQL\MySQL Shell 8.0\bin\;C:\Users\marco\AppData\Local\Microsoft\WindowsApps;;C:\Users\marco\AppData\Local\Programs\Microsoft VS Code\bin;c:\Users\marco\AppData\Roaming\Code\User\globalStorage\github.copilot-chat\debugCommand;."/>
    <property name="java.vm.info" value="mixed mode, sharing"/>
    <property name="stderr.encoding" value="Cp1252"/>
    <property name="java.vendor" value="Eclipse Adoptium"/>
    <property name="java.vm.version" value="21.0.6+7-LTS"/>
    <property name="sun.io.unicode.encoding" value="UnicodeLittle"/>
    <property name="java.class.version" value="65.0"/>
  </properties>
  <testcase name="testRegisterStudentWithEmailEndingInDot" classname="es.upm.pproject.miniproject.UniversityManagerTest" time="0.232"/>
  <testcase name="testRegisterCourseWithEmptyCoordinator" classname="es.upm.pproject.miniproject.UniversityManagerTest" time="0.016"/>
  <testcase name="testRegisterStudentWithInvalidEmail" classname="es.upm.pproject.miniproject.UniversityManagerTest" time="0"/>
  <testcase name="testEnrollStudentNotRegistered" classname="es.upm.pproject.miniproject.UniversityManagerTest" time="0"/>
  <testcase name="testGetStudentsInCourseNotFound" classname="es.upm.pproject.miniproject.UniversityManagerTest" time="0"/>
  <testcase name="testRestartCourseWithStudents" classname="es.upm.pproject.miniproject.UniversityManagerTest" time="0.016"/>
  <testcase name="testRestartCourseEmpty" classname="es.upm.pproject.miniproject.UniversityManagerTest" time="0"/>
  <testcase name="testCancelEnrollmentNotEnrolled" classname="es.upm.pproject.miniproject.UniversityManagerTest" time="0"/>
  <testcase name="testCancelEnrollmentSuccess" classname="es.upm.pproject.miniproject.UniversityManagerTest" time="0"/>
  <testcase name="testCancelEnrollmentCourseNotFound" classname="es.upm.pproject.miniproject.UniversityManagerTest" time="0"/>
  <testcase name="testRegisterStudentWithWhitespaceName" classname="es.upm.pproject.miniproject.UniversityManagerTest" time="0"/>
  <testcase name="testRestartCourseSuccess" classname="es.upm.pproject.miniproject.UniversityManagerTest" time="0"/>
  <testcase name="testGetAllStudentsSuccess" classname="es.upm.pproject.miniproject.UniversityManagerTest" time="0"/>
  <testcase name="testGetAllCoursesSuccess" classname="es.upm.pproject.miniproject.UniversityManagerTest" time="0"/>
  <testcase name="testRegisterCourseDuplicate" classname="es.upm.pproject.miniproject.UniversityManagerTest" time="0"/>
  <testcase name="testGetAllStudentsOrdered" classname="es.upm.pproject.miniproject.UniversityManagerTest" time="0"/>
  <testcase name="testEnrollStudentAlreadyEnrolled" classname="es.upm.pproject.miniproject.UniversityManagerTest" time="0"/>
  <testcase name="testGetAllCoursesEmpty" classname="es.upm.pproject.miniproject.UniversityManagerTest" time="0"/>
  <testcase name="testRegisterCourseWithWhitespaceName" classname="es.upm.pproject.miniproject.UniversityManagerTest" time="0"/>
  <testcase name="testRegisterCourseSuccess" classname="es.upm.pproject.miniproject.UniversityManagerTest" time="0.016"/>
  <testcase name="testGetStudentsInCourseEmpty" classname="es.upm.pproject.miniproject.UniversityManagerTest" time="0"/>
  <testcase name="testCancelEnrollmentStudentNotFound" classname="es.upm.pproject.miniproject.UniversityManagerTest" time="0"/>
  <testcase name="testEnrollStudentSuccess" classname="es.upm.pproject.miniproject.UniversityManagerTest" time="0"/>
  <testcase name="testGetAllStudentsEmpty" classname="es.upm.pproject.miniproject.UniversityManagerTest" time="0"/>
  <testcase name="testEnrollStudentCourseNotFound" classname="es.upm.pproject.miniproject.UniversityManagerTest" time="0"/>
  <testcase name="testGetStudentsInCourseSuccess" classname="es.upm.pproject.miniproject.UniversityManagerTest" time="0"/>
  <testcase name="testRegisterStudentDuplicate" classname="es.upm.pproject.miniproject.UniversityManagerTest" time="0"/>
  <testcase name="testRestartCourseNotRegistered" classname="es.upm.pproject.miniproject.UniversityManagerTest" time="0.015"/>
  <testcase name="testEnrollStudentLimitExceeded" classname="es.upm.pproject.miniproject.UniversityManagerTest" time="0.002"/>
  <testcase name="testRegisterStudentWithEmptyEmail" classname="es.upm.pproject.miniproject.UniversityManagerTest" time="0.015"/>
  <testcase name="testEnrollStudentAtLimit" classname="es.upm.pproject.miniproject.UniversityManagerTest" time="0"/>
  <testcase name="testRegisterCourseWithEmptyName" classname="es.upm.pproject.miniproject.UniversityManagerTest" time="0"/>
  <testcase name="testRegisterStudentSuccess" classname="es.upm.pproject.miniproject.UniversityManagerTest" time="0"/>
  <testcase name="testRegisterStudentWithNullEmail" classname="es.upm.pproject.miniproject.UniversityManagerTest" time="0.015"/>
</testsuite>